CRITICAL - 2022-12-17 16:33:36 --> Class "App\Controllers\Modelvaccination" not found
in APPPATH\Controllers\Vaccination.php on line 16.
 1 SYSTEMPATH\CodeIgniter.php(927): App\Controllers\Vaccination->index()
 2 SYSTEMPATH\CodeIgniter.php(482): CodeIgniter\CodeIgniter->runController(Object(App\Controllers\Vaccination))
 3 SYSTEMPATH\CodeIgniter.php(351): CodeIgniter\CodeIgniter->handleRequest(null, Object(Config\Cache), false)
 4 FCPATH\index.php(67): CodeIgniter\CodeIgniter->run()
ERROR - 2022-12-17 16:37:19 --> mysqli_sql_exception: Cannot add or update a child row: a foreign key constraint fails (`tubes_c_kelompok8`.`vaccinations`, CONSTRAINT `vaccinations_ibfk_1` FOREIGN KEY (`idUser`) REFERENCES `users` (`id`)) in D:\XAMPP\htdocs\healthy-U\vendor\codeigniter4\framework\system\Database\MySQLi\Connection.php:292
Stack trace:
#0 D:\XAMPP\htdocs\healthy-U\vendor\codeigniter4\framework\system\Database\MySQLi\Connection.php(292): mysqli->query('INSERT INTO `va...', 0)
#1 D:\XAMPP\htdocs\healthy-U\vendor\codeigniter4\framework\system\Database\BaseConnection.php(666): CodeIgniter\Database\MySQLi\Connection->execute('INSERT INTO `va...')
#2 D:\XAMPP\htdocs\healthy-U\vendor\codeigniter4\framework\system\Database\BaseConnection.php(593): CodeIgniter\Database\BaseConnection->simpleQuery('INSERT INTO `va...')
#3 D:\XAMPP\htdocs\healthy-U\vendor\codeigniter4\framework\system\Database\BaseBuilder.php(1916): CodeIgniter\Database\BaseConnection->query('INSERT INTO `va...', Array, false)
#4 D:\XAMPP\htdocs\healthy-U\vendor\codeigniter4\framework\system\Model.php(279): CodeIgniter\Database\BaseBuilder->insert()
#5 D:\XAMPP\htdocs\healthy-U\vendor\codeigniter4\framework\system\BaseModel.php(749): CodeIgniter\Model->doInsert(Array)
#6 D:\XAMPP\htdocs\healthy-U\vendor\codeigniter4\framework\system\Model.php(667): CodeIgniter\BaseModel->insert(Array, true)
#7 D:\XAMPP\htdocs\healthy-U\app\Controllers\Vaccination.php(107): CodeIgniter\Model->insert(Array)
#8 D:\XAMPP\htdocs\healthy-U\vendor\codeigniter4\framework\system\CodeIgniter.php(927): App\Controllers\Vaccination->create()
#9 D:\XAMPP\htdocs\healthy-U\vendor\codeigniter4\framework\system\CodeIgniter.php(482): CodeIgniter\CodeIgniter->runController(Object(App\Controllers\Vaccination))
#10 D:\XAMPP\htdocs\healthy-U\vendor\codeigniter4\framework\system\CodeIgniter.php(351): CodeIgniter\CodeIgniter->handleRequest(NULL, Object(Config\Cache), false)
#11 D:\XAMPP\htdocs\healthy-U\public\index.php(67): CodeIgniter\CodeIgniter->run()
#12 {main}
CRITICAL - 2022-12-17 16:37:19 --> Cannot add or update a child row: a foreign key constraint fails (`tubes_c_kelompok8`.`vaccinations`, CONSTRAINT `vaccinations_ibfk_1` FOREIGN KEY (`idUser`) REFERENCES `users` (`id`))
in SYSTEMPATH\Database\MySQLi\Connection.php on line 292.
 1 SYSTEMPATH\Database\MySQLi\Connection.php(292): mysqli->query('INSERT INTO `vaccinations` (`program`, `idUser`, `tanggal`, `pelaksana`) VALUES (\'Vaksinasi Massal\', \'10\', \'1111-11-11\', \'Indihome\')', 0)
 2 SYSTEMPATH\Database\BaseConnection.php(666): CodeIgniter\Database\MySQLi\Connection->execute('INSERT INTO `vaccinations` (`program`, `idUser`, `tanggal`, `pelaksana`) VALUES (\'Vaksinasi Massal\', \'10\', \'1111-11-11\', \'Indihome\')')
 3 SYSTEMPATH\Database\BaseConnection.php(593): CodeIgniter\Database\BaseConnection->simpleQuery('INSERT INTO `vaccinations` (`program`, `idUser`, `tanggal`, `pelaksana`) VALUES (\'Vaksinasi Massal\', \'10\', \'1111-11-11\', \'Indihome\')')
 4 SYSTEMPATH\Database\BaseBuilder.php(1916): CodeIgniter\Database\BaseConnection->query('INSERT INTO `vaccinations` (`program`, `idUser`, `tanggal`, `pelaksana`) VALUES (:program:, :idUser:, :tanggal:, :pelaksana:)', [...], false)
 5 SYSTEMPATH\Model.php(279): CodeIgniter\Database\BaseBuilder->insert()
 6 SYSTEMPATH\BaseModel.php(749): CodeIgniter\Model->doInsert([...])
 7 SYSTEMPATH\Model.php(667): CodeIgniter\BaseModel->insert([...], true)
 8 APPPATH\Controllers\Vaccination.php(107): CodeIgniter\Model->insert([...])
 9 SYSTEMPATH\CodeIgniter.php(927): App\Controllers\Vaccination->create()
10 SYSTEMPATH\CodeIgniter.php(482): CodeIgniter\CodeIgniter->runController(Object(App\Controllers\Vaccination))
11 SYSTEMPATH\CodeIgniter.php(351): CodeIgniter\CodeIgniter->handleRequest(null, Object(Config\Cache), false)
12 FCPATH\index.php(67): CodeIgniter\CodeIgniter->run()
CRITICAL - 2022-12-17 16:38:59 --> There is no data to update.
in SYSTEMPATH\BaseModel.php on line 867.
 1 SYSTEMPATH\BaseModel.php(867): CodeIgniter\Database\Exceptions\DataException::forEmptyDataset('update')
 2 SYSTEMPATH\Model.php(693): CodeIgniter\BaseModel->update([...], [])
 3 APPPATH\Controllers\Vaccination.php(147): CodeIgniter\Model->update('1', [...])
 4 SYSTEMPATH\CodeIgniter.php(927): App\Controllers\Vaccination->update('1')
 5 SYSTEMPATH\CodeIgniter.php(482): CodeIgniter\CodeIgniter->runController(Object(App\Controllers\Vaccination))
 6 SYSTEMPATH\CodeIgniter.php(351): CodeIgniter\CodeIgniter->handleRequest(null, Object(Config\Cache), false)
 7 FCPATH\index.php(67): CodeIgniter\CodeIgniter->run()
CRITICAL - 2022-12-17 16:39:03 --> There is no data to update.
in SYSTEMPATH\BaseModel.php on line 867.
 1 SYSTEMPATH\BaseModel.php(867): CodeIgniter\Database\Exceptions\DataException::forEmptyDataset('update')
 2 SYSTEMPATH\Model.php(693): CodeIgniter\BaseModel->update([...], [])
 3 APPPATH\Controllers\Vaccination.php(147): CodeIgniter\Model->update('2', [...])
 4 SYSTEMPATH\CodeIgniter.php(927): App\Controllers\Vaccination->update('2')
 5 SYSTEMPATH\CodeIgniter.php(482): CodeIgniter\CodeIgniter->runController(Object(App\Controllers\Vaccination))
 6 SYSTEMPATH\CodeIgniter.php(351): CodeIgniter\CodeIgniter->handleRequest(null, Object(Config\Cache), false)
 7 FCPATH\index.php(67): CodeIgniter\CodeIgniter->run()
CRITICAL - 2022-12-17 16:39:51 --> There is no data to update.
in SYSTEMPATH\BaseModel.php on line 867.
 1 SYSTEMPATH\BaseModel.php(867): CodeIgniter\Database\Exceptions\DataException::forEmptyDataset('update')
 2 SYSTEMPATH\Model.php(693): CodeIgniter\BaseModel->update([...], [])
 3 APPPATH\Controllers\Vaccination.php(147): CodeIgniter\Model->update('2', [...])
 4 SYSTEMPATH\CodeIgniter.php(927): App\Controllers\Vaccination->update('2')
 5 SYSTEMPATH\CodeIgniter.php(482): CodeIgniter\CodeIgniter->runController(Object(App\Controllers\Vaccination))
 6 SYSTEMPATH\CodeIgniter.php(351): CodeIgniter\CodeIgniter->handleRequest(null, Object(Config\Cache), false)
 7 FCPATH\index.php(67): CodeIgniter\CodeIgniter->run()
